
*** Running vivado
    with args -log g2_datapath_rgb2dvi_0_0.vds -m64 -product Vivado -mode batch -messageDb vivado.pb -notrace -source g2_datapath_rgb2dvi_0_0.tcl



****** Vivado v2021.2 (64-bit)
  **** SW Build 3367213 on Tue Oct 19 02:48:09 MDT 2021
  **** IP Build 3369179 on Thu Oct 21 08:25:16 MDT 2021
    ** Copyright 1986-2021 Xilinx, Inc. All Rights Reserved.

source g2_datapath_rgb2dvi_0_0.tcl -notrace
create_project: Time (s): cpu = 00:00:01 ; elapsed = 00:00:05 . Memory (MB): peak = 1262.121 ; gain = 8.059
INFO: [IP_Flow 19-234] Refreshing IP repositories
INFO: [IP_Flow 19-1700] Loaded user IP repository 'e:/g2_hdmi_datapath/Genesys2_hdmi_datapath/vivado_library'.
INFO: [IP_Flow 19-2313] Loaded Vivado IP repository 'D:/vivado2022/Vivado/2021.2/data/ip'.
Command: synth_design -top g2_datapath_rgb2dvi_0_0 -part xc7k325tffg900-2 -mode out_of_context
Starting synth_design
Attempting to get a license for feature 'Synthesis' and/or device 'xc7k325t'
INFO: [Common 17-349] Got license for feature 'Synthesis' and/or device 'xc7k325t'
INFO: [Device 21-403] Loading part xc7k325tffg900-2
INFO: [Synth 8-7079] Multithreading enabled for synth_design using a maximum of 2 processes.
INFO: [Synth 8-7078] Launching helper process for spawning children vivado processes
INFO: [Synth 8-7075] Helper process launched with PID 30680
---------------------------------------------------------------------------------
Starting RTL Elaboration : Time (s): cpu = 00:00:02 ; elapsed = 00:00:06 . Memory (MB): peak = 1262.121 ; gain = 0.000
---------------------------------------------------------------------------------
INFO: [Synth 8-638] synthesizing module 'g2_datapath_rgb2dvi_0_0' [e:/g2_hdmi_datapath/Genesys2_hdmi_datapath/prj/g2_hdmi_prj/g2_hdmi_prj.gen/sources_1/bd/g2_datapath/ip/g2_datapath_rgb2dvi_0_0/synth/g2_datapath_rgb2dvi_0_0.vhd:71]
	Parameter kGenerateSerialClk bound to: 1 - type: bool 
	Parameter kClkPrimitive bound to: PLL - type: string 
	Parameter kRstActiveHigh bound to: 1 - type: bool 
	Parameter kClkRange bound to: 1 - type: integer 
	Parameter kD0Swap bound to: 0 - type: bool 
	Parameter kD1Swap bound to: 0 - type: bool 
	Parameter kD2Swap bound to: 0 - type: bool 
	Parameter kClkSwap bound to: 0 - type: bool 
INFO: [Synth 8-3491] module 'rgb2dvi' declared at 'e:/g2_hdmi_datapath/Genesys2_hdmi_datapath/prj/g2_hdmi_prj/g2_hdmi_prj.gen/sources_1/bd/g2_datapath/ipshared/d57c/src/rgb2dvi.vhd:62' bound to instance 'U0' of component 'rgb2dvi' [e:/g2_hdmi_datapath/Genesys2_hdmi_datapath/prj/g2_hdmi_prj/g2_hdmi_prj.gen/sources_1/bd/g2_datapath/ip/g2_datapath_rgb2dvi_0_0/synth/g2_datapath_rgb2dvi_0_0.vhd:121]
INFO: [Synth 8-638] synthesizing module 'rgb2dvi' [e:/g2_hdmi_datapath/Genesys2_hdmi_datapath/prj/g2_hdmi_prj/g2_hdmi_prj.gen/sources_1/bd/g2_datapath/ipshared/d57c/src/rgb2dvi.vhd:94]
INFO: [Synth 8-638] synthesizing module 'ClockGen' [e:/g2_hdmi_datapath/Genesys2_hdmi_datapath/prj/g2_hdmi_prj/g2_hdmi_prj.gen/sources_1/bd/g2_datapath/ipshared/d57c/src/ClockGen.vhd:46]
	Parameter kPolarity bound to: 1'b1 
INFO: [Synth 8-3491] module 'ResetBridge' declared at 'e:/g2_hdmi_datapath/Genesys2_hdmi_datapath/prj/g2_hdmi_prj/g2_hdmi_prj.gen/sources_1/bd/g2_datapath/ipshared/d57c/src/SyncAsyncReset.vhd:63' bound to instance 'LockLostReset' of component 'ResetBridge' [e:/g2_hdmi_datapath/Genesys2_hdmi_datapath/prj/g2_hdmi_prj/g2_hdmi_prj.gen/sources_1/bd/g2_datapath/ipshared/d57c/src/ClockGen.vhd:82]
INFO: [Synth 8-638] synthesizing module 'ResetBridge' [e:/g2_hdmi_datapath/Genesys2_hdmi_datapath/prj/g2_hdmi_prj/g2_hdmi_prj.gen/sources_1/bd/g2_datapath/ipshared/d57c/src/SyncAsyncReset.vhd:72]
INFO: [Synth 8-638] synthesizing module 'SyncAsync' [e:/g2_hdmi_datapath/Genesys2_hdmi_datapath/prj/g2_hdmi_prj/g2_hdmi_prj.gen/sources_1/bd/g2_datapath/ipshared/d57c/src/SyncAsync.vhd:72]
INFO: [Synth 8-256] done synthesizing module 'SyncAsync' (1#1) [e:/g2_hdmi_datapath/Genesys2_hdmi_datapath/prj/g2_hdmi_prj/g2_hdmi_prj.gen/sources_1/bd/g2_datapath/ipshared/d57c/src/SyncAsync.vhd:72]
INFO: [Synth 8-256] done synthesizing module 'ResetBridge' (2#1) [e:/g2_hdmi_datapath/Genesys2_hdmi_datapath/prj/g2_hdmi_prj/g2_hdmi_prj.gen/sources_1/bd/g2_datapath/ipshared/d57c/src/SyncAsyncReset.vhd:72]
INFO: [Synth 8-3491] module 'SyncAsync' declared at 'e:/g2_hdmi_datapath/Genesys2_hdmi_datapath/prj/g2_hdmi_prj/g2_hdmi_prj.gen/sources_1/bd/g2_datapath/ipshared/d57c/src/SyncAsync.vhd:61' bound to instance 'PLL_LockSyncAsync' of component 'SyncAsync' [e:/g2_hdmi_datapath/Genesys2_hdmi_datapath/prj/g2_hdmi_prj/g2_hdmi_prj.gen/sources_1/bd/g2_datapath/ipshared/d57c/src/ClockGen.vhd:90]
INFO: [Synth 8-638] synthesizing module 'SyncAsync__parameterized1' [e:/g2_hdmi_datapath/Genesys2_hdmi_datapath/prj/g2_hdmi_prj/g2_hdmi_prj.gen/sources_1/bd/g2_datapath/ipshared/d57c/src/SyncAsync.vhd:72]
INFO: [Synth 8-256] done synthesizing module 'SyncAsync__parameterized1' (2#1) [e:/g2_hdmi_datapath/Genesys2_hdmi_datapath/prj/g2_hdmi_prj/g2_hdmi_prj.gen/sources_1/bd/g2_datapath/ipshared/d57c/src/SyncAsync.vhd:72]
	Parameter BANDWIDTH bound to: OPTIMIZED - type: string 
	Parameter CLKFBOUT_MULT bound to: 10 - type: integer 
	Parameter CLKFBOUT_PHASE bound to: 0.000000 - type: double 
	Parameter CLKIN1_PERIOD bound to: 6.250000 - type: double 
	Parameter CLKOUT0_DIVIDE bound to: 2 - type: integer 
	Parameter CLKOUT0_DUTY_CYCLE bound to: 0.500000 - type: double 
	Parameter CLKOUT0_PHASE bound to: 0.000000 - type: double 
	Parameter CLKOUT1_DIVIDE bound to: 10 - type: integer 
	Parameter CLKOUT1_DUTY_CYCLE bound to: 0.500000 - type: double 
	Parameter CLKOUT1_PHASE bound to: 0.000000 - type: double 
	Parameter COMPENSATION bound to: ZHOLD - type: string 
	Parameter DIVCLK_DIVIDE bound to: 1 - type: integer 
	Parameter REF_JITTER1 bound to: 0.010000 - type: double 
	Parameter STARTUP_WAIT bound to: FALSE - type: string 
INFO: [Synth 8-113] binding component instance 'DVI_ClkGenerator' to cell 'PLLE2_ADV' [e:/g2_hdmi_datapath/Genesys2_hdmi_datapath/prj/g2_hdmi_prj/g2_hdmi_prj.gen/sources_1/bd/g2_datapath/ipshared/d57c/src/ClockGen.vhd:239]
WARNING: [Synth 8-6014] Unused sequential element pLockGained_reg was removed.  [e:/g2_hdmi_datapath/Genesys2_hdmi_datapath/prj/g2_hdmi_prj/g2_hdmi_prj.gen/sources_1/bd/g2_datapath/ipshared/d57c/src/ClockGen.vhd:102]
INFO: [Synth 8-256] done synthesizing module 'ClockGen' (3#1) [e:/g2_hdmi_datapath/Genesys2_hdmi_datapath/prj/g2_hdmi_prj/g2_hdmi_prj.gen/sources_1/bd/g2_datapath/ipshared/d57c/src/ClockGen.vhd:46]
INFO: [Synth 8-638] synthesizing module 'OutputSERDES' [e:/g2_hdmi_datapath/Genesys2_hdmi_datapath/prj/g2_hdmi_prj/g2_hdmi_prj.gen/sources_1/bd/g2_datapath/ipshared/d57c/src/OutputSERDES.vhd:76]
	Parameter IOSTANDARD bound to: TMDS_33 - type: string 
INFO: [Synth 8-113] binding component instance 'OutputBuffer' to cell 'OBUFDS' [e:/g2_hdmi_datapath/Genesys2_hdmi_datapath/prj/g2_hdmi_prj/g2_hdmi_prj.gen/sources_1/bd/g2_datapath/ipshared/d57c/src/OutputSERDES.vhd:83]
	Parameter DATA_RATE_OQ bound to: DDR - type: string 
	Parameter DATA_RATE_TQ bound to: SDR - type: string 
	Parameter DATA_WIDTH bound to: 10 - type: integer 
	Parameter SERDES_MODE bound to: MASTER - type: string 
	Parameter TBYTE_CTL bound to: FALSE - type: string 
	Parameter TBYTE_SRC bound to: FALSE - type: string 
	Parameter TRISTATE_WIDTH bound to: 1 - type: integer 
INFO: [Synth 8-113] binding component instance 'SerializerMaster' to cell 'OSERDESE2' [e:/g2_hdmi_datapath/Genesys2_hdmi_datapath/prj/g2_hdmi_prj/g2_hdmi_prj.gen/sources_1/bd/g2_datapath/ipshared/d57c/src/OutputSERDES.vhd:92]
	Parameter DATA_RATE_OQ bound to: DDR - type: string 
	Parameter DATA_RATE_TQ bound to: SDR - type: string 
	Parameter DATA_WIDTH bound to: 10 - type: integer 
	Parameter SERDES_MODE bound to: SLAVE - type: string 
	Parameter TBYTE_CTL bound to: FALSE - type: string 
	Parameter TBYTE_SRC bound to: FALSE - type: string 
	Parameter TRISTATE_WIDTH bound to: 1 - type: integer 
INFO: [Synth 8-113] binding component instance 'SerializerSlave' to cell 'OSERDESE2' [e:/g2_hdmi_datapath/Genesys2_hdmi_datapath/prj/g2_hdmi_prj/g2_hdmi_prj.gen/sources_1/bd/g2_datapath/ipshared/d57c/src/OutputSERDES.vhd:135]
INFO: [Synth 8-256] done synthesizing module 'OutputSERDES' (4#1) [e:/g2_hdmi_datapath/Genesys2_hdmi_datapath/prj/g2_hdmi_prj/g2_hdmi_prj.gen/sources_1/bd/g2_datapath/ipshared/d57c/src/OutputSERDES.vhd:76]
INFO: [Synth 8-638] synthesizing module 'TMDS_Encoder' [e:/g2_hdmi_datapath/Genesys2_hdmi_datapath/prj/g2_hdmi_prj/g2_hdmi_prj.gen/sources_1/bd/g2_datapath/ipshared/d57c/src/TMDS_Encoder.vhd:80]
INFO: [Synth 8-256] done synthesizing module 'TMDS_Encoder' (5#1) [e:/g2_hdmi_datapath/Genesys2_hdmi_datapath/prj/g2_hdmi_prj/g2_hdmi_prj.gen/sources_1/bd/g2_datapath/ipshared/d57c/src/TMDS_Encoder.vhd:80]
INFO: [Synth 8-256] done synthesizing module 'rgb2dvi' (6#1) [e:/g2_hdmi_datapath/Genesys2_hdmi_datapath/prj/g2_hdmi_prj/g2_hdmi_prj.gen/sources_1/bd/g2_datapath/ipshared/d57c/src/rgb2dvi.vhd:94]
INFO: [Synth 8-256] done synthesizing module 'g2_datapath_rgb2dvi_0_0' (7#1) [e:/g2_hdmi_datapath/Genesys2_hdmi_datapath/prj/g2_hdmi_prj/g2_hdmi_prj.gen/sources_1/bd/g2_datapath/ip/g2_datapath_rgb2dvi_0_0/synth/g2_datapath_rgb2dvi_0_0.vhd:71]
WARNING: [Synth 8-7129] Port SerialClk in module TMDS_Encoder is either unconnected or has no load
WARNING: [Synth 8-7129] Port aRst in module TMDS_Encoder is either unconnected or has no load
WARNING: [Synth 8-7129] Port aRst_n in module rgb2dvi is either unconnected or has no load
---------------------------------------------------------------------------------
Finished RTL Elaboration : Time (s): cpu = 00:00:02 ; elapsed = 00:00:07 . Memory (MB): peak = 1262.121 ; gain = 0.000
---------------------------------------------------------------------------------
---------------------------------------------------------------------------------
Start Handling Custom Attributes
---------------------------------------------------------------------------------
---------------------------------------------------------------------------------
Finished Handling Custom Attributes : Time (s): cpu = 00:00:02 ; elapsed = 00:00:08 . Memory (MB): peak = 1262.121 ; gain = 0.000
---------------------------------------------------------------------------------
---------------------------------------------------------------------------------
Finished RTL Optimization Phase 1 : Time (s): cpu = 00:00:02 ; elapsed = 00:00:08 . Memory (MB): peak = 1262.121 ; gain = 0.000
---------------------------------------------------------------------------------
Netlist sorting complete. Time (s): cpu = 00:00:00 ; elapsed = 00:00:00.005 . Memory (MB): peak = 1262.121 ; gain = 0.000
INFO: [Netlist 29-17] Analyzing 5 Unisim elements for replacement
INFO: [Netlist 29-28] Unisim Transformation completed in 0 CPU seconds
INFO: [Project 1-570] Preparing netlist for logic optimization

Processing XDC Constraints
Initializing timing engine
Parsing XDC File [e:/g2_hdmi_datapath/Genesys2_hdmi_datapath/prj/g2_hdmi_prj/g2_hdmi_prj.gen/sources_1/bd/g2_datapath/ip/g2_datapath_rgb2dvi_0_0/src/rgb2dvi_ooc.xdc] for cell 'U0'
Finished Parsing XDC File [e:/g2_hdmi_datapath/Genesys2_hdmi_datapath/prj/g2_hdmi_prj/g2_hdmi_prj.gen/sources_1/bd/g2_datapath/ip/g2_datapath_rgb2dvi_0_0/src/rgb2dvi_ooc.xdc] for cell 'U0'
Parsing XDC File [e:/g2_hdmi_datapath/Genesys2_hdmi_datapath/prj/g2_hdmi_prj/g2_hdmi_prj.gen/sources_1/bd/g2_datapath/ip/g2_datapath_rgb2dvi_0_0/src/rgb2dvi.xdc] for cell 'U0'
Finished Parsing XDC File [e:/g2_hdmi_datapath/Genesys2_hdmi_datapath/prj/g2_hdmi_prj/g2_hdmi_prj.gen/sources_1/bd/g2_datapath/ip/g2_datapath_rgb2dvi_0_0/src/rgb2dvi.xdc] for cell 'U0'
Parsing XDC File [E:/g2_hdmi_datapath/Genesys2_hdmi_datapath/prj/g2_hdmi_prj/g2_hdmi_prj.runs/g2_datapath_rgb2dvi_0_0_synth_1/dont_touch.xdc]
Finished Parsing XDC File [E:/g2_hdmi_datapath/Genesys2_hdmi_datapath/prj/g2_hdmi_prj/g2_hdmi_prj.runs/g2_datapath_rgb2dvi_0_0_synth_1/dont_touch.xdc]
Parsing XDC File [e:/g2_hdmi_datapath/Genesys2_hdmi_datapath/prj/g2_hdmi_prj/g2_hdmi_prj.gen/sources_1/bd/g2_datapath/ip/g2_datapath_rgb2dvi_0_0/src/rgb2dvi_clocks.xdc] for cell 'U0'
Finished Parsing XDC File [e:/g2_hdmi_datapath/Genesys2_hdmi_datapath/prj/g2_hdmi_prj/g2_hdmi_prj.gen/sources_1/bd/g2_datapath/ip/g2_datapath_rgb2dvi_0_0/src/rgb2dvi_clocks.xdc] for cell 'U0'
Completed Processing XDC Constraints

Netlist sorting complete. Time (s): cpu = 00:00:00 ; elapsed = 00:00:00 . Memory (MB): peak = 1328.055 ; gain = 0.000
INFO: [Project 1-111] Unisim Transformation Summary:
No Unisim elements were transformed.

INFO: [Timing 38-2] Deriving generated clocks
Constraint Validation Runtime : Time (s): cpu = 00:00:00 ; elapsed = 00:00:00.042 . Memory (MB): peak = 1339.543 ; gain = 11.488
---------------------------------------------------------------------------------
Finished Constraint Validation : Time (s): cpu = 00:00:04 ; elapsed = 00:00:15 . Memory (MB): peak = 1339.543 ; gain = 77.422
---------------------------------------------------------------------------------
---------------------------------------------------------------------------------
Start Loading Part and Timing Information
---------------------------------------------------------------------------------
Loading part: xc7k325tffg900-2
---------------------------------------------------------------------------------
Finished Loading Part and Timing Information : Time (s): cpu = 00:00:04 ; elapsed = 00:00:15 . Memory (MB): peak = 1339.543 ; gain = 77.422
---------------------------------------------------------------------------------
---------------------------------------------------------------------------------
Start Applying 'set_property' XDC Constraints
---------------------------------------------------------------------------------
Applied set_property KEEP_HIERARCHY = SOFT for U0. (constraint file  E:/g2_hdmi_datapath/Genesys2_hdmi_datapath/prj/g2_hdmi_prj/g2_hdmi_prj.runs/g2_datapath_rgb2dvi_0_0_synth_1/dont_touch.xdc, line 9).
---------------------------------------------------------------------------------
Finished applying 'set_property' XDC Constraints : Time (s): cpu = 00:00:04 ; elapsed = 00:00:15 . Memory (MB): peak = 1339.543 ; gain = 77.422
---------------------------------------------------------------------------------
---------------------------------------------------------------------------------
Finished RTL Optimization Phase 2 : Time (s): cpu = 00:00:04 ; elapsed = 00:00:15 . Memory (MB): peak = 1339.543 ; gain = 77.422
---------------------------------------------------------------------------------
---------------------------------------------------------------------------------
Start RTL Component Statistics 
---------------------------------------------------------------------------------
Detailed RTL Component Info : 
+---Adders : 
	   3 Input    5 Bit       Adders := 9     
	   4 Input    5 Bit       Adders := 3     
	   2 Input    5 Bit       Adders := 3     
	   8 Input    4 Bit       Adders := 6     
	   2 Input    4 Bit       Adders := 3     
+---XORs : 
	   2 Input      1 Bit         XORs := 42    
+---Registers : 
	               10 Bit    Registers := 3     
	                9 Bit    Registers := 3     
	                8 Bit    Registers := 3     
	                5 Bit    Registers := 3     
	                4 Bit    Registers := 9     
	                3 Bit    Registers := 1     
	                2 Bit    Registers := 3     
	                1 Bit    Registers := 19    
+---Muxes : 
	   4 Input   10 Bit        Muxes := 3     
	   2 Input    9 Bit        Muxes := 3     
	   2 Input    5 Bit        Muxes := 9     
---------------------------------------------------------------------------------
Finished RTL Component Statistics 
---------------------------------------------------------------------------------
---------------------------------------------------------------------------------
Start Part Resource Summary
---------------------------------------------------------------------------------
Part Resources:
DSPs: 840 (col length:140)
BRAMs: 890 (col length: RAMB18 140 RAMB36 70)
---------------------------------------------------------------------------------
Finished Part Resource Summary
---------------------------------------------------------------------------------
---------------------------------------------------------------------------------
Start Cross Boundary and Area Optimization
---------------------------------------------------------------------------------
WARNING: [Synth 8-7080] Parallel synthesis criteria is not met
WARNING: [Synth 8-7129] Port aRst_n in module rgb2dvi is either unconnected or has no load
WARNING: [Synth 8-7129] Port SerialClk in module rgb2dvi is either unconnected or has no load
---------------------------------------------------------------------------------
Finished Cross Boundary and Area Optimization : Time (s): cpu = 00:00:04 ; elapsed = 00:00:19 . Memory (MB): peak = 1339.543 ; gain = 77.422
---------------------------------------------------------------------------------
---------------------------------------------------------------------------------
Start Applying XDC Timing Constraints
---------------------------------------------------------------------------------
---------------------------------------------------------------------------------
Finished Applying XDC Timing Constraints : Time (s): cpu = 00:00:05 ; elapsed = 00:00:24 . Memory (MB): peak = 1339.543 ; gain = 77.422
---------------------------------------------------------------------------------
---------------------------------------------------------------------------------
Start Timing Optimization
---------------------------------------------------------------------------------
---------------------------------------------------------------------------------
Finished Timing Optimization : Time (s): cpu = 00:00:05 ; elapsed = 00:00:24 . Memory (MB): peak = 1339.543 ; gain = 77.422
---------------------------------------------------------------------------------
---------------------------------------------------------------------------------
Start Technology Mapping
---------------------------------------------------------------------------------
---------------------------------------------------------------------------------
Finished Technology Mapping : Time (s): cpu = 00:00:05 ; elapsed = 00:00:24 . Memory (MB): peak = 1339.543 ; gain = 77.422
---------------------------------------------------------------------------------
---------------------------------------------------------------------------------
Start IO Insertion
---------------------------------------------------------------------------------
---------------------------------------------------------------------------------
Start Flattening Before IO Insertion
---------------------------------------------------------------------------------
---------------------------------------------------------------------------------
Finished Flattening Before IO Insertion
---------------------------------------------------------------------------------
---------------------------------------------------------------------------------
Start Final Netlist Cleanup
---------------------------------------------------------------------------------
---------------------------------------------------------------------------------
Finished Final Netlist Cleanup
---------------------------------------------------------------------------------
---------------------------------------------------------------------------------
Finished IO Insertion : Time (s): cpu = 00:00:06 ; elapsed = 00:00:28 . Memory (MB): peak = 1339.543 ; gain = 77.422
---------------------------------------------------------------------------------
---------------------------------------------------------------------------------
Start Renaming Generated Instances
---------------------------------------------------------------------------------
---------------------------------------------------------------------------------
Finished Renaming Generated Instances : Time (s): cpu = 00:00:06 ; elapsed = 00:00:28 . Memory (MB): peak = 1339.543 ; gain = 77.422
---------------------------------------------------------------------------------
---------------------------------------------------------------------------------
Start Rebuilding User Hierarchy
---------------------------------------------------------------------------------
---------------------------------------------------------------------------------
Finished Rebuilding User Hierarchy : Time (s): cpu = 00:00:06 ; elapsed = 00:00:28 . Memory (MB): peak = 1339.543 ; gain = 77.422
---------------------------------------------------------------------------------
---------------------------------------------------------------------------------
Start Renaming Generated Ports
---------------------------------------------------------------------------------
---------------------------------------------------------------------------------
Finished Renaming Generated Ports : Time (s): cpu = 00:00:06 ; elapsed = 00:00:28 . Memory (MB): peak = 1339.543 ; gain = 77.422
---------------------------------------------------------------------------------
---------------------------------------------------------------------------------
Start Handling Custom Attributes
---------------------------------------------------------------------------------
---------------------------------------------------------------------------------
Finished Handling Custom Attributes : Time (s): cpu = 00:00:06 ; elapsed = 00:00:28 . Memory (MB): peak = 1339.543 ; gain = 77.422
---------------------------------------------------------------------------------
---------------------------------------------------------------------------------
Start Renaming Generated Nets
---------------------------------------------------------------------------------
---------------------------------------------------------------------------------
Finished Renaming Generated Nets : Time (s): cpu = 00:00:06 ; elapsed = 00:00:28 . Memory (MB): peak = 1339.543 ; gain = 77.422
---------------------------------------------------------------------------------
---------------------------------------------------------------------------------
Start Writing Synthesis Report
---------------------------------------------------------------------------------

Report BlackBoxes: 
+-+--------------+----------+
| |BlackBox name |Instances |
+-+--------------+----------+
+-+--------------+----------+

Report Cell Usage: 
+------+----------+------+
|      |Cell      |Count |
+------+----------+------+
|1     |LUT1      |     5|
|2     |LUT2      |    22|
|3     |LUT3      |    35|
|4     |LUT4      |    23|
|5     |LUT5      |    43|
|6     |LUT6      |    72|
|7     |OSERDESE2 |     8|
|9     |PLLE2_ADV |     1|
|10    |FDCE      |     3|
|11    |FDPE      |     5|
|12    |FDRE      |   119|
|13    |FDSE      |    15|
|14    |OBUFDS    |     4|
+------+----------+------+
---------------------------------------------------------------------------------
Finished Writing Synthesis Report : Time (s): cpu = 00:00:06 ; elapsed = 00:00:28 . Memory (MB): peak = 1339.543 ; gain = 77.422
---------------------------------------------------------------------------------
Synthesis finished with 0 errors, 0 critical warnings and 3 warnings.
Synthesis Optimization Runtime : Time (s): cpu = 00:00:03 ; elapsed = 00:00:26 . Memory (MB): peak = 1339.543 ; gain = 0.000
Synthesis Optimization Complete : Time (s): cpu = 00:00:06 ; elapsed = 00:00:28 . Memory (MB): peak = 1339.543 ; gain = 77.422
INFO: [Project 1-571] Translating synthesized netlist
Netlist sorting complete. Time (s): cpu = 00:00:00 ; elapsed = 00:00:00.005 . Memory (MB): peak = 1339.543 ; gain = 0.000
INFO: [Netlist 29-17] Analyzing 5 Unisim elements for replacement
INFO: [Netlist 29-28] Unisim Transformation completed in 0 CPU seconds
INFO: [Project 1-570] Preparing netlist for logic optimization
INFO: [Opt 31-138] Pushed 0 inverter(s) to 0 load pin(s).
Netlist sorting complete. Time (s): cpu = 00:00:00 ; elapsed = 00:00:00 . Memory (MB): peak = 1356.914 ; gain = 0.000
INFO: [Project 1-111] Unisim Transformation Summary:
No Unisim elements were transformed.

Synth Design complete, checksum: a2f93fe4
INFO: [Common 17-83] Releasing license: Synthesis
43 Infos, 7 Warnings, 0 Critical Warnings and 0 Errors encountered.
synth_design completed successfully
synth_design: Time (s): cpu = 00:00:07 ; elapsed = 00:00:34 . Memory (MB): peak = 1356.914 ; gain = 94.793
INFO: [Common 17-1381] The checkpoint 'E:/g2_hdmi_datapath/Genesys2_hdmi_datapath/prj/g2_hdmi_prj/g2_hdmi_prj.runs/g2_datapath_rgb2dvi_0_0_synth_1/g2_datapath_rgb2dvi_0_0.dcp' has been generated.
INFO: [Coretcl 2-1648] Added synthesis output to IP cache for IP g2_datapath_rgb2dvi_0_0, cache-ID = 7b4ac6a2d6469c2f
INFO: [Coretcl 2-1174] Renamed 14 cell refs.
INFO: [Common 17-1381] The checkpoint 'E:/g2_hdmi_datapath/Genesys2_hdmi_datapath/prj/g2_hdmi_prj/g2_hdmi_prj.runs/g2_datapath_rgb2dvi_0_0_synth_1/g2_datapath_rgb2dvi_0_0.dcp' has been generated.
INFO: [runtcl-4] Executing : report_utilization -file g2_datapath_rgb2dvi_0_0_utilization_synth.rpt -pb g2_datapath_rgb2dvi_0_0_utilization_synth.pb
INFO: [Common 17-206] Exiting Vivado at Sat Feb 18 11:50:28 2023...
